<?xml version="1.0" encoding="UTF-8"?>
<!-- Generated by org.testng.reporters.JUnitReportReporter -->
<testsuite name="seleniumPractice.PracticeSele" tests="1" time="26.985" ignored="0" failures="0" timestamp="24 Nov 2020 06:00:20 GMT" skipped="0" hostname="Harry-PC" errors="0">
  <testcase name="chromeBrowser" time="26.985" classname="seleniumPractice.PracticeSele"/>
</testsuite> <!-- seleniumPractice.PracticeSele -->
