<?xml version="1.0" encoding="UTF-8"?>
<!-- Generated by org.testng.reporters.JUnitReportReporter -->
<testsuite name="prac.JSExample" tests="1" time="16.045" ignored="0" failures="0" timestamp="17 Nov 2020 18:23:13 GMT" skipped="0" hostname="Harry-PC" errors="0">
  <testcase name="testClickJS" time="16.045" classname="prac.JSExample"/>
</testsuite> <!-- prac.JSExample -->
