<?xml version="1.0" encoding="UTF-8"?>
<!-- Generated by org.testng.reporters.JUnitReportReporter -->
<testsuite name="prac.JSExample2" tests="1" time="24.312" ignored="0" failures="0" timestamp="17 Nov 2020 18:28:14 GMT" skipped="0" hostname="Harry-PC" errors="0">
  <testcase name="testClickJS" time="24.312" classname="prac.JSExample2"/>
</testsuite> <!-- prac.JSExample2 -->
